<?xml version="1.0" encoding="UTF-8"?>
<testng-results ignored="0" total="1" passed="1" failed="0" skipped="0">
  <reporter-output>
  </reporter-output>
  <suite started-at="2026-03-11T08:15:22 IST" name="SmokeSuite" finished-at="2026-03-11T08:15:22 IST" duration-ms="85">
    <groups>
      <group name="smoke">
        <method signature="demoTest.bikeTest()[pri:0, instance:Practice.demoTest@13fd2ccd]" name="bikeTest" class="Practice.demoTest"/>
      </group> <!-- smoke -->
    </groups>
    <test started-at="2026-03-11T08:15:22 IST" name="Test" finished-at="2026-03-11T08:15:22 IST" duration-ms="85">
      <class name="Practice.demoTest">
        <test-method signature="bikeTest()[pri:0, instance:Practice.demoTest@13fd2ccd]" started-at="2026-03-11T08:15:22 IST" name="bikeTest" finished-at="2026-03-11T08:15:22 IST" duration-ms="11" status="PASS">
          <reporter-output>
          </reporter-output>
        </test-method> <!-- bikeTest -->
      </class> <!-- Practice.demoTest -->
    </test> <!-- Test -->
  </suite> <!-- SmokeSuite -->
</testng-results>
